Error: Access Denied! Unauthorized User
    at checkToken (/home4/ieltswal/static/auth/validation.js:18:15)
    at Layer.handle [as handle_request] (/home4/ieltswal/nodevenv/static/14/lib/node_modules/express/lib/router/layer.js:95:5)
    at next (/home4/ieltswal/nodevenv/static/14/lib/node_modules/express/lib/router/route.js:137:13)
    at Route.dispatch (/home4/ieltswal/nodevenv/static/14/lib/node_modules/express/lib/router/route.js:112:3)
    at Layer.handle [as handle_request] (/home4/ieltswal/nodevenv/static/14/lib/node_modules/express/lib/router/layer.js:95:5)
    at /home4/ieltswal/nodevenv/static/14/lib/node_modules/express/lib/router/index.js:281:22
    at Function.process_params (/home4/ieltswal/nodevenv/static/14/lib/node_modules/express/lib/router/index.js:341:12)
    at next (/home4/ieltswal/nodevenv/static/14/lib/node_modules/express/lib/router/index.js:275:10)
    at Function.handle (/home4/ieltswal/nodevenv/static/14/lib/node_modules/express/lib/router/index.js:174:3)
    at router (/home4/ieltswal/nodevenv/static/14/lib/node_modules/express/lib/router/index.js:47:12)
Error: Access Denied! Unauthorized User
    at checkToken (/home4/ieltswal/static/auth/validation.js:18:15)
    at Layer.handle [as handle_request] (/home4/ieltswal/nodevenv/static/14/lib/node_modules/express/lib/router/layer.js:95:5)
    at next (/home4/ieltswal/nodevenv/static/14/lib/node_modules/express/lib/router/route.js:137:13)
    at Route.dispatch (/home4/ieltswal/nodevenv/static/14/lib/node_modules/express/lib/router/route.js:112:3)
    at Layer.handle [as handle_request] (/home4/ieltswal/nodevenv/static/14/lib/node_modules/express/lib/router/layer.js:95:5)
    at /home4/ieltswal/nodevenv/static/14/lib/node_modules/express/lib/router/index.js:281:22
    at Function.process_params (/home4/ieltswal/nodevenv/static/14/lib/node_modules/express/lib/router/index.js:341:12)
    at next (/home4/ieltswal/nodevenv/static/14/lib/node_modules/express/lib/router/index.js:275:10)
    at Function.handle (/home4/ieltswal/nodevenv/static/14/lib/node_modules/express/lib/router/index.js:174:3)
    at router (/home4/ieltswal/nodevenv/static/14/lib/node_modules/express/lib/router/index.js:47:12)
Error: Access Denied! Unauthorized User
    at checkToken (/home4/ieltswal/static/auth/validation.js:18:15)
    at Layer.handle [as handle_request] (/home4/ieltswal/nodevenv/static/14/lib/node_modules/express/lib/router/layer.js:95:5)
    at next (/home4/ieltswal/nodevenv/static/14/lib/node_modules/express/lib/router/route.js:137:13)
    at Route.dispatch (/home4/ieltswal/nodevenv/static/14/lib/node_modules/express/lib/router/route.js:112:3)
    at Layer.handle [as handle_request] (/home4/ieltswal/nodevenv/static/14/lib/node_modules/express/lib/router/layer.js:95:5)
    at /home4/ieltswal/nodevenv/static/14/lib/node_modules/express/lib/router/index.js:281:22
    at Function.process_params (/home4/ieltswal/nodevenv/static/14/lib/node_modules/express/lib/router/index.js:341:12)
    at next (/home4/ieltswal/nodevenv/static/14/lib/node_modules/express/lib/router/index.js:275:10)
    at Function.handle (/home4/ieltswal/nodevenv/static/14/lib/node_modules/express/lib/router/index.js:174:3)
    at router (/home4/ieltswal/nodevenv/static/14/lib/node_modules/express/lib/router/index.js:47:12)
Error: Access Denied! Unauthorized User
    at checkToken (/home4/ieltswal/static/auth/validation.js:18:15)
    at Layer.handle [as handle_request] (/home4/ieltswal/nodevenv/static/14/lib/node_modules/express/lib/router/layer.js:95:5)
    at next (/home4/ieltswal/nodevenv/static/14/lib/node_modules/express/lib/router/route.js:137:13)
    at Route.dispatch (/home4/ieltswal/nodevenv/static/14/lib/node_modules/express/lib/router/route.js:112:3)
    at Layer.handle [as handle_request] (/home4/ieltswal/nodevenv/static/14/lib/node_modules/express/lib/router/layer.js:95:5)
    at /home4/ieltswal/nodevenv/static/14/lib/node_modules/express/lib/router/index.js:281:22
    at Function.process_params (/home4/ieltswal/nodevenv/static/14/lib/node_modules/express/lib/router/index.js:341:12)
    at next (/home4/ieltswal/nodevenv/static/14/lib/node_modules/express/lib/router/index.js:275:10)
    at Function.handle (/home4/ieltswal/nodevenv/static/14/lib/node_modules/express/lib/router/index.js:174:3)
    at router (/home4/ieltswal/nodevenv/static/14/lib/node_modules/express/lib/router/index.js:47:12)
Error: Access Denied! Unauthorized User
    at checkToken (/home4/ieltswal/static/auth/validation.js:18:15)
    at Layer.handle [as handle_request] (/home4/ieltswal/nodevenv/static/14/lib/node_modules/express/lib/router/layer.js:95:5)
    at next (/home4/ieltswal/nodevenv/static/14/lib/node_modules/express/lib/router/route.js:137:13)
    at Route.dispatch (/home4/ieltswal/nodevenv/static/14/lib/node_modules/express/lib/router/route.js:112:3)
    at Layer.handle [as handle_request] (/home4/ieltswal/nodevenv/static/14/lib/node_modules/express/lib/router/layer.js:95:5)
    at /home4/ieltswal/nodevenv/static/14/lib/node_modules/express/lib/router/index.js:281:22
    at Function.process_params (/home4/ieltswal/nodevenv/static/14/lib/node_modules/express/lib/router/index.js:341:12)
    at next (/home4/ieltswal/nodevenv/static/14/lib/node_modules/express/lib/router/index.js:275:10)
    at Function.handle (/home4/ieltswal/nodevenv/static/14/lib/node_modules/express/lib/router/index.js:174:3)
    at router (/home4/ieltswal/nodevenv/static/14/lib/node_modules/express/lib/router/index.js:47:12)
Error: Access Denied! Unauthorized User
    at checkToken (/home4/ieltswal/static/auth/validation.js:18:15)
    at Layer.handle [as handle_request] (/home4/ieltswal/nodevenv/static/14/lib/node_modules/express/lib/router/layer.js:95:5)
    at next (/home4/ieltswal/nodevenv/static/14/lib/node_modules/express/lib/router/route.js:137:13)
    at Route.dispatch (/home4/ieltswal/nodevenv/static/14/lib/node_modules/express/lib/router/route.js:112:3)
    at Layer.handle [as handle_request] (/home4/ieltswal/nodevenv/static/14/lib/node_modules/express/lib/router/layer.js:95:5)
    at /home4/ieltswal/nodevenv/static/14/lib/node_modules/express/lib/router/index.js:281:22
    at Function.process_params (/home4/ieltswal/nodevenv/static/14/lib/node_modules/express/lib/router/index.js:341:12)
    at next (/home4/ieltswal/nodevenv/static/14/lib/node_modules/express/lib/router/index.js:275:10)
    at Function.handle (/home4/ieltswal/nodevenv/static/14/lib/node_modules/express/lib/router/index.js:174:3)
    at router (/home4/ieltswal/nodevenv/static/14/lib/node_modules/express/lib/router/index.js:47:12)
Error: Access Denied! Unauthorized User
    at checkToken (/home4/ieltswal/static/auth/validation.js:18:15)
    at Layer.handle [as handle_request] (/home4/ieltswal/nodevenv/static/14/lib/node_modules/express/lib/router/layer.js:95:5)
    at next (/home4/ieltswal/nodevenv/static/14/lib/node_modules/express/lib/router/route.js:137:13)
    at Route.dispatch (/home4/ieltswal/nodevenv/static/14/lib/node_modules/express/lib/router/route.js:112:3)
    at Layer.handle [as handle_request] (/home4/ieltswal/nodevenv/static/14/lib/node_modules/express/lib/router/layer.js:95:5)
    at /home4/ieltswal/nodevenv/static/14/lib/node_modules/express/lib/router/index.js:281:22
    at Function.process_params (/home4/ieltswal/nodevenv/static/14/lib/node_modules/express/lib/router/index.js:341:12)
    at next (/home4/ieltswal/nodevenv/static/14/lib/node_modules/express/lib/router/index.js:275:10)
    at Function.handle (/home4/ieltswal/nodevenv/static/14/lib/node_modules/express/lib/router/index.js:174:3)
    at router (/home4/ieltswal/nodevenv/static/14/lib/node_modules/express/lib/router/index.js:47:12)
Error: Access Denied! Unauthorized User
    at checkToken (/home4/ieltswal/static/auth/validation.js:18:15)
    at Layer.handle [as handle_request] (/home4/ieltswal/nodevenv/static/14/lib/node_modules/express/lib/router/layer.js:95:5)
    at next (/home4/ieltswal/nodevenv/static/14/lib/node_modules/express/lib/router/route.js:137:13)
    at Route.dispatch (/home4/ieltswal/nodevenv/static/14/lib/node_modules/express/lib/router/route.js:112:3)
    at Layer.handle [as handle_request] (/home4/ieltswal/nodevenv/static/14/lib/node_modules/express/lib/router/layer.js:95:5)
    at /home4/ieltswal/nodevenv/static/14/lib/node_modules/express/lib/router/index.js:281:22
    at Function.process_params (/home4/ieltswal/nodevenv/static/14/lib/node_modules/express/lib/router/index.js:341:12)
    at next (/home4/ieltswal/nodevenv/static/14/lib/node_modules/express/lib/router/index.js:275:10)
    at Function.handle (/home4/ieltswal/nodevenv/static/14/lib/node_modules/express/lib/router/index.js:174:3)
    at router (/home4/ieltswal/nodevenv/static/14/lib/node_modules/express/lib/router/index.js:47:12)
Error: Access Denied! Unauthorized User
    at checkToken (/home4/ieltswal/static/auth/validation.js:18:15)
    at Layer.handle [as handle_request] (/home4/ieltswal/nodevenv/static/14/lib/node_modules/express/lib/router/layer.js:95:5)
    at next (/home4/ieltswal/nodevenv/static/14/lib/node_modules/express/lib/router/route.js:137:13)
    at Route.dispatch (/home4/ieltswal/nodevenv/static/14/lib/node_modules/express/lib/router/route.js:112:3)
    at Layer.handle [as handle_request] (/home4/ieltswal/nodevenv/static/14/lib/node_modules/express/lib/router/layer.js:95:5)
    at /home4/ieltswal/nodevenv/static/14/lib/node_modules/express/lib/router/index.js:281:22
    at Function.process_params (/home4/ieltswal/nodevenv/static/14/lib/node_modules/express/lib/router/index.js:341:12)
    at next (/home4/ieltswal/nodevenv/static/14/lib/node_modules/express/lib/router/index.js:275:10)
    at Function.handle (/home4/ieltswal/nodevenv/static/14/lib/node_modules/express/lib/router/index.js:174:3)
    at router (/home4/ieltswal/nodevenv/static/14/lib/node_modules/express/lib/router/index.js:47:12)
Error: Access Denied! Unauthorized User
    at checkToken (/home4/ieltswal/static/auth/validation.js:18:15)
    at Layer.handle [as handle_request] (/home4/ieltswal/nodevenv/static/14/lib/node_modules/express/lib/router/layer.js:95:5)
    at next (/home4/ieltswal/nodevenv/static/14/lib/node_modules/express/lib/router/route.js:137:13)
    at Route.dispatch (/home4/ieltswal/nodevenv/static/14/lib/node_modules/express/lib/router/route.js:112:3)
    at Layer.handle [as handle_request] (/home4/ieltswal/nodevenv/static/14/lib/node_modules/express/lib/router/layer.js:95:5)
    at /home4/ieltswal/nodevenv/static/14/lib/node_modules/express/lib/router/index.js:281:22
    at Function.process_params (/home4/ieltswal/nodevenv/static/14/lib/node_modules/express/lib/router/index.js:341:12)
    at next (/home4/ieltswal/nodevenv/static/14/lib/node_modules/express/lib/router/index.js:275:10)
    at Function.handle (/home4/ieltswal/nodevenv/static/14/lib/node_modules/express/lib/router/index.js:174:3)
    at router (/home4/ieltswal/nodevenv/static/14/lib/node_modules/express/lib/router/index.js:47:12)
Error: Access Denied! Unauthorized User
    at checkToken (/home4/ieltswal/static/auth/validation.js:18:15)
    at Layer.handle [as handle_request] (/home4/ieltswal/nodevenv/static/14/lib/node_modules/express/lib/router/layer.js:95:5)
    at next (/home4/ieltswal/nodevenv/static/14/lib/node_modules/express/lib/router/route.js:137:13)
    at Route.dispatch (/home4/ieltswal/nodevenv/static/14/lib/node_modules/express/lib/router/route.js:112:3)
    at Layer.handle [as handle_request] (/home4/ieltswal/nodevenv/static/14/lib/node_modules/express/lib/router/layer.js:95:5)
    at /home4/ieltswal/nodevenv/static/14/lib/node_modules/express/lib/router/index.js:281:22
    at Function.process_params (/home4/ieltswal/nodevenv/static/14/lib/node_modules/express/lib/router/index.js:341:12)
    at next (/home4/ieltswal/nodevenv/static/14/lib/node_modules/express/lib/router/index.js:275:10)
    at Function.handle (/home4/ieltswal/nodevenv/static/14/lib/node_modules/express/lib/router/index.js:174:3)
    at router (/home4/ieltswal/nodevenv/static/14/lib/node_modules/express/lib/router/index.js:47:12)
Error: Access Denied! Unauthorized User
    at checkToken (/home4/ieltswal/static/auth/validation.js:18:15)
    at Layer.handle [as handle_request] (/home4/ieltswal/nodevenv/static/14/lib/node_modules/express/lib/router/layer.js:95:5)
    at next (/home4/ieltswal/nodevenv/static/14/lib/node_modules/express/lib/router/route.js:137:13)
    at Route.dispatch (/home4/ieltswal/nodevenv/static/14/lib/node_modules/express/lib/router/route.js:112:3)
    at Layer.handle [as handle_request] (/home4/ieltswal/nodevenv/static/14/lib/node_modules/express/lib/router/layer.js:95:5)
    at /home4/ieltswal/nodevenv/static/14/lib/node_modules/express/lib/router/index.js:281:22
    at Function.process_params (/home4/ieltswal/nodevenv/static/14/lib/node_modules/express/lib/router/index.js:341:12)
    at next (/home4/ieltswal/nodevenv/static/14/lib/node_modules/express/lib/router/index.js:275:10)
    at Function.handle (/home4/ieltswal/nodevenv/static/14/lib/node_modules/express/lib/router/index.js:174:3)
    at router (/home4/ieltswal/nodevenv/static/14/lib/node_modules/express/lib/router/index.js:47:12)
Error: Access Denied! Unauthorized User
    at checkToken (/home4/ieltswal/static/auth/validation.js:18:15)
    at Layer.handle [as handle_request] (/home4/ieltswal/nodevenv/static/14/lib/node_modules/express/lib/router/layer.js:95:5)
    at next (/home4/ieltswal/nodevenv/static/14/lib/node_modules/express/lib/router/route.js:137:13)
    at Route.dispatch (/home4/ieltswal/nodevenv/static/14/lib/node_modules/express/lib/router/route.js:112:3)
    at Layer.handle [as handle_request] (/home4/ieltswal/nodevenv/static/14/lib/node_modules/express/lib/router/layer.js:95:5)
    at /home4/ieltswal/nodevenv/static/14/lib/node_modules/express/lib/router/index.js:281:22
    at Function.process_params (/home4/ieltswal/nodevenv/static/14/lib/node_modules/express/lib/router/index.js:341:12)
    at next (/home4/ieltswal/nodevenv/static/14/lib/node_modules/express/lib/router/index.js:275:10)
    at Function.handle (/home4/ieltswal/nodevenv/static/14/lib/node_modules/express/lib/router/index.js:174:3)
    at router (/home4/ieltswal/nodevenv/static/14/lib/node_modules/express/lib/router/index.js:47:12)
Error: Access Denied! Unauthorized User
    at checkToken (/home4/ieltswal/static/auth/validation.js:18:15)
    at Layer.handle [as handle_request] (/home4/ieltswal/nodevenv/static/14/lib/node_modules/express/lib/router/layer.js:95:5)
    at next (/home4/ieltswal/nodevenv/static/14/lib/node_modules/express/lib/router/route.js:137:13)
    at Route.dispatch (/home4/ieltswal/nodevenv/static/14/lib/node_modules/express/lib/router/route.js:112:3)
    at Layer.handle [as handle_request] (/home4/ieltswal/nodevenv/static/14/lib/node_modules/express/lib/router/layer.js:95:5)
    at /home4/ieltswal/nodevenv/static/14/lib/node_modules/express/lib/router/index.js:281:22
    at Function.process_params (/home4/ieltswal/nodevenv/static/14/lib/node_modules/express/lib/router/index.js:341:12)
    at next (/home4/ieltswal/nodevenv/static/14/lib/node_modules/express/lib/router/index.js:275:10)
    at Function.handle (/home4/ieltswal/nodevenv/static/14/lib/node_modules/express/lib/router/index.js:174:3)
    at router (/home4/ieltswal/nodevenv/static/14/lib/node_modules/express/lib/router/index.js:47:12)
Error: Access Denied! Unauthorized User
    at checkToken (/home4/ieltswal/static/auth/validation.js:18:15)
    at Layer.handle [as handle_request] (/home4/ieltswal/nodevenv/static/14/lib/node_modules/express/lib/router/layer.js:95:5)
    at next (/home4/ieltswal/nodevenv/static/14/lib/node_modules/express/lib/router/route.js:137:13)
    at Route.dispatch (/home4/ieltswal/nodevenv/static/14/lib/node_modules/express/lib/router/route.js:112:3)
    at Layer.handle [as handle_request] (/home4/ieltswal/nodevenv/static/14/lib/node_modules/express/lib/router/layer.js:95:5)
    at /home4/ieltswal/nodevenv/static/14/lib/node_modules/express/lib/router/index.js:281:22
    at Function.process_params (/home4/ieltswal/nodevenv/static/14/lib/node_modules/express/lib/router/index.js:341:12)
    at next (/home4/ieltswal/nodevenv/static/14/lib/node_modules/express/lib/router/index.js:275:10)
    at Function.handle (/home4/ieltswal/nodevenv/static/14/lib/node_modules/express/lib/router/index.js:174:3)
    at router (/home4/ieltswal/nodevenv/static/14/lib/node_modules/express/lib/router/index.js:47:12)
Error: Access Denied! Unauthorized User
    at checkToken (/home4/ieltswal/static/auth/validation.js:18:15)
    at Layer.handle [as handle_request] (/home4/ieltswal/nodevenv/static/14/lib/node_modules/express/lib/router/layer.js:95:5)
    at next (/home4/ieltswal/nodevenv/static/14/lib/node_modules/express/lib/router/route.js:137:13)
    at Route.dispatch (/home4/ieltswal/nodevenv/static/14/lib/node_modules/express/lib/router/route.js:112:3)
    at Layer.handle [as handle_request] (/home4/ieltswal/nodevenv/static/14/lib/node_modules/express/lib/router/layer.js:95:5)
    at /home4/ieltswal/nodevenv/static/14/lib/node_modules/express/lib/router/index.js:281:22
    at Function.process_params (/home4/ieltswal/nodevenv/static/14/lib/node_modules/express/lib/router/index.js:341:12)
    at next (/home4/ieltswal/nodevenv/static/14/lib/node_modules/express/lib/router/index.js:275:10)
    at Function.handle (/home4/ieltswal/nodevenv/static/14/lib/node_modules/express/lib/router/index.js:174:3)
    at router (/home4/ieltswal/nodevenv/static/14/lib/node_modules/express/lib/router/index.js:47:12)
Error: Access Denied! Unauthorized User
    at checkToken (/home4/ieltswal/static/auth/validation.js:18:15)
    at Layer.handle [as handle_request] (/home4/ieltswal/nodevenv/static/14/lib/node_modules/express/lib/router/layer.js:95:5)
    at next (/home4/ieltswal/nodevenv/static/14/lib/node_modules/express/lib/router/route.js:137:13)
    at Route.dispatch (/home4/ieltswal/nodevenv/static/14/lib/node_modules/express/lib/router/route.js:112:3)
    at Layer.handle [as handle_request] (/home4/ieltswal/nodevenv/static/14/lib/node_modules/express/lib/router/layer.js:95:5)
    at /home4/ieltswal/nodevenv/static/14/lib/node_modules/express/lib/router/index.js:281:22
    at Function.process_params (/home4/ieltswal/nodevenv/static/14/lib/node_modules/express/lib/router/index.js:341:12)
    at next (/home4/ieltswal/nodevenv/static/14/lib/node_modules/express/lib/router/index.js:275:10)
    at Function.handle (/home4/ieltswal/nodevenv/static/14/lib/node_modules/express/lib/router/index.js:174:3)
    at router (/home4/ieltswal/nodevenv/static/14/lib/node_modules/express/lib/router/index.js:47:12)
Error: Access Denied! Unauthorized User
    at checkToken (/home4/ieltswal/static/auth/validation.js:18:15)
    at Layer.handle [as handle_request] (/home4/ieltswal/nodevenv/static/14/lib/node_modules/express/lib/router/layer.js:95:5)
    at next (/home4/ieltswal/nodevenv/static/14/lib/node_modules/express/lib/router/route.js:137:13)
    at Route.dispatch (/home4/ieltswal/nodevenv/static/14/lib/node_modules/express/lib/router/route.js:112:3)
    at Layer.handle [as handle_request] (/home4/ieltswal/nodevenv/static/14/lib/node_modules/express/lib/router/layer.js:95:5)
    at /home4/ieltswal/nodevenv/static/14/lib/node_modules/express/lib/router/index.js:281:22
    at Function.process_params (/home4/ieltswal/nodevenv/static/14/lib/node_modules/express/lib/router/index.js:341:12)
    at next (/home4/ieltswal/nodevenv/static/14/lib/node_modules/express/lib/router/index.js:275:10)
    at Function.handle (/home4/ieltswal/nodevenv/static/14/lib/node_modules/express/lib/router/index.js:174:3)
    at router (/home4/ieltswal/nodevenv/static/14/lib/node_modules/express/lib/router/index.js:47:12)
Error: Access Denied! Unauthorized User
    at checkToken (/home4/ieltswal/static/auth/validation.js:18:15)
    at Layer.handle [as handle_request] (/home4/ieltswal/nodevenv/static/14/lib/node_modules/express/lib/router/layer.js:95:5)
    at next (/home4/ieltswal/nodevenv/static/14/lib/node_modules/express/lib/router/route.js:137:13)
    at Route.dispatch (/home4/ieltswal/nodevenv/static/14/lib/node_modules/express/lib/router/route.js:112:3)
    at Layer.handle [as handle_request] (/home4/ieltswal/nodevenv/static/14/lib/node_modules/express/lib/router/layer.js:95:5)
    at /home4/ieltswal/nodevenv/static/14/lib/node_modules/express/lib/router/index.js:281:22
    at Function.process_params (/home4/ieltswal/nodevenv/static/14/lib/node_modules/express/lib/router/index.js:341:12)
    at next (/home4/ieltswal/nodevenv/static/14/lib/node_modules/express/lib/router/index.js:275:10)
    at Function.handle (/home4/ieltswal/nodevenv/static/14/lib/node_modules/express/lib/router/index.js:174:3)
    at router (/home4/ieltswal/nodevenv/static/14/lib/node_modules/express/lib/router/index.js:47:12)
Error: Access Denied! Unauthorized User
    at checkToken (/home4/ieltswal/static/auth/validation.js:18:15)
    at Layer.handle [as handle_request] (/home4/ieltswal/nodevenv/static/14/lib/node_modules/express/lib/router/layer.js:95:5)
    at next (/home4/ieltswal/nodevenv/static/14/lib/node_modules/express/lib/router/route.js:137:13)
    at Route.dispatch (/home4/ieltswal/nodevenv/static/14/lib/node_modules/express/lib/router/route.js:112:3)
    at Layer.handle [as handle_request] (/home4/ieltswal/nodevenv/static/14/lib/node_modules/express/lib/router/layer.js:95:5)
    at /home4/ieltswal/nodevenv/static/14/lib/node_modules/express/lib/router/index.js:281:22
    at Function.process_params (/home4/ieltswal/nodevenv/static/14/lib/node_modules/express/lib/router/index.js:341:12)
    at next (/home4/ieltswal/nodevenv/static/14/lib/node_modules/express/lib/router/index.js:275:10)
    at Function.handle (/home4/ieltswal/nodevenv/static/14/lib/node_modules/express/lib/router/index.js:174:3)
    at router (/home4/ieltswal/nodevenv/static/14/lib/node_modules/express/lib/router/index.js:47:12)
Error: Access Denied! Unauthorized User
    at checkToken (/home4/ieltswal/static/auth/validation.js:18:15)
    at Layer.handle [as handle_request] (/home4/ieltswal/nodevenv/static/14/lib/node_modules/express/lib/router/layer.js:95:5)
    at next (/home4/ieltswal/nodevenv/static/14/lib/node_modules/express/lib/router/route.js:137:13)
    at Route.dispatch (/home4/ieltswal/nodevenv/static/14/lib/node_modules/express/lib/router/route.js:112:3)
    at Layer.handle [as handle_request] (/home4/ieltswal/nodevenv/static/14/lib/node_modules/express/lib/router/layer.js:95:5)
    at /home4/ieltswal/nodevenv/static/14/lib/node_modules/express/lib/router/index.js:281:22
    at Function.process_params (/home4/ieltswal/nodevenv/static/14/lib/node_modules/express/lib/router/index.js:341:12)
    at next (/home4/ieltswal/nodevenv/static/14/lib/node_modules/express/lib/router/index.js:275:10)
    at Function.handle (/home4/ieltswal/nodevenv/static/14/lib/node_modules/express/lib/router/index.js:174:3)
    at router (/home4/ieltswal/nodevenv/static/14/lib/node_modules/express/lib/router/index.js:47:12)
Error: Access Denied! Unauthorized User
    at checkToken (/home4/ieltswal/static/auth/validation.js:18:15)
    at Layer.handle [as handle_request] (/home4/ieltswal/nodevenv/static/14/lib/node_modules/express/lib/router/layer.js:95:5)
    at next (/home4/ieltswal/nodevenv/static/14/lib/node_modules/express/lib/router/route.js:137:13)
    at Route.dispatch (/home4/ieltswal/nodevenv/static/14/lib/node_modules/express/lib/router/route.js:112:3)
    at Layer.handle [as handle_request] (/home4/ieltswal/nodevenv/static/14/lib/node_modules/express/lib/router/layer.js:95:5)
    at /home4/ieltswal/nodevenv/static/14/lib/node_modules/express/lib/router/index.js:281:22
    at Function.process_params (/home4/ieltswal/nodevenv/static/14/lib/node_modules/express/lib/router/index.js:341:12)
    at next (/home4/ieltswal/nodevenv/static/14/lib/node_modules/express/lib/router/index.js:275:10)
    at Function.handle (/home4/ieltswal/nodevenv/static/14/lib/node_modules/express/lib/router/index.js:174:3)
    at router (/home4/ieltswal/nodevenv/static/14/lib/node_modules/express/lib/router/index.js:47:12)
Error: Access Denied! Unauthorized User
    at checkToken (/home4/ieltswal/static/auth/validation.js:18:15)
    at Layer.handle [as handle_request] (/home4/ieltswal/nodevenv/static/14/lib/node_modules/express/lib/router/layer.js:95:5)
    at next (/home4/ieltswal/nodevenv/static/14/lib/node_modules/express/lib/router/route.js:137:13)
    at Route.dispatch (/home4/ieltswal/nodevenv/static/14/lib/node_modules/express/lib/router/route.js:112:3)
    at Layer.handle [as handle_request] (/home4/ieltswal/nodevenv/static/14/lib/node_modules/express/lib/router/layer.js:95:5)
    at /home4/ieltswal/nodevenv/static/14/lib/node_modules/express/lib/router/index.js:281:22
    at Function.process_params (/home4/ieltswal/nodevenv/static/14/lib/node_modules/express/lib/router/index.js:341:12)
    at next (/home4/ieltswal/nodevenv/static/14/lib/node_modules/express/lib/router/index.js:275:10)
    at Function.handle (/home4/ieltswal/nodevenv/static/14/lib/node_modules/express/lib/router/index.js:174:3)
    at router (/home4/ieltswal/nodevenv/static/14/lib/node_modules/express/lib/router/index.js:47:12)
Error: Access Denied! Unauthorized User
    at checkToken (/home4/ieltswal/static/auth/validation.js:18:15)
    at Layer.handle [as handle_request] (/home4/ieltswal/nodevenv/static/14/lib/node_modules/express/lib/router/layer.js:95:5)
    at next (/home4/ieltswal/nodevenv/static/14/lib/node_modules/express/lib/router/route.js:137:13)
    at Route.dispatch (/home4/ieltswal/nodevenv/static/14/lib/node_modules/express/lib/router/route.js:112:3)
    at Layer.handle [as handle_request] (/home4/ieltswal/nodevenv/static/14/lib/node_modules/express/lib/router/layer.js:95:5)
    at /home4/ieltswal/nodevenv/static/14/lib/node_modules/express/lib/router/index.js:281:22
    at Function.process_params (/home4/ieltswal/nodevenv/static/14/lib/node_modules/express/lib/router/index.js:341:12)
    at next (/home4/ieltswal/nodevenv/static/14/lib/node_modules/express/lib/router/index.js:275:10)
    at Function.handle (/home4/ieltswal/nodevenv/static/14/lib/node_modules/express/lib/router/index.js:174:3)
    at router (/home4/ieltswal/nodevenv/static/14/lib/node_modules/express/lib/router/index.js:47:12)
